2013-02-18 15:13:08,883 [main] INFO  org.nutz.log.Logs - Nutz is licensed under the Apache License, Version 2.0 .
Report bugs : https://github.com/nutzam/nutz/issues
2013-02-18 15:13:09,154 [main] DEBUG org.nutz.resource.Scans - Locations for Scans:
[JarResourceLocation [jarPath=D:\springsource\sts-3.1.0.RELEASE\configuration\org.eclipse.osgi\bundles\949\1\.cp\lib\jsp-2.1.jar], JarResourceLocation [jarPath=D:\springsource\sts-3.1.0.RELEASE\configuration\org.eclipse.osgi\bundles\949\1\.cp\lib\jetty-util-6.1.26.jar], JarResourceLocation [jarPath=file:/E:/workspace/gaoseng/WebContent/WEB-INF/lib/nutz-1.b.47-jdk6.jar], JarResourceLocation [jarPath=D:\springsource\sts-3.1.0.RELEASE\configuration\org.eclipse.osgi\bundles\949\1\.cp\lib\jetty-6.1.26.jar], JarResourceLocation [jarPath=D:\springsource\sts-3.1.0.RELEASE\configuration\org.eclipse.osgi\bundles\949\1\.cp\lib\servlet-api-2.5-20081211.jar], JarResourceLocation [jarPath=D:\springsource\sts-3.1.0.RELEASE\configuration\org.eclipse.osgi\bundles\949\1\.cp\lib\jsp-api-2.1.jar], JarResourceLocation [jarPath=D:\springsource\sts-3.1.0.RELEASE\configuration\org.eclipse.osgi\bundles\949\1\.cp\lib\core-3.1.1.jar], FileSystemResourceLocation [root=E:\workspace\gaoseng\.], JarResourceLocation [jarPath=D:\springsource\sts-3.1.0.RELEASE\configuration\org.eclipse.osgi\bundles\949\1\.cp\lib\jetty-management-6.1.26.jar], JarResourceLocation [jarPath=D:\springsource\sts-3.1.0.RELEASE\configuration\org.eclipse.osgi\bundles\949\1\.cp\lib\run-jetty-run-bootstrap.jar], FileSystemResourceLocation [root=E:\workspace\gaoseng\build\classes]]
2013-02-18 15:13:09,156 [main] INFO  org.nutz.resource.impl.ErrorResourceLocation - ErrorResourceLocation [loc=E:\workspace\gaoseng\WebContent\WEB-INF\classes], maybe it is in your classpath, but not exist
2013-02-18 15:13:09,361 [main] DEBUG org.nutz.resource.Scans - Locations for Scans:
[JarResourceLocation [jarPath=E:\workspace\gaoseng\WebContent\WEB-INF\lib\dom4j-1.6.1.jar], JarResourceLocation [jarPath=E:\workspace\gaoseng\WebContent\WEB-INF\lib\httpclient-cache-4.2.3.jar], JarResourceLocation [jarPath=E:\workspace\gaoseng\WebContent\WEB-INF\lib\fastjson-1.1.27.jar], JarResourceLocation [jarPath=D:\springsource\sts-3.1.0.RELEASE\configuration\org.eclipse.osgi\bundles\949\1\.cp\lib\jsp-2.1.jar], JarResourceLocation [jarPath=file:/E:/workspace/gaoseng/WebContent/WEB-INF/lib/nutz-1.b.47-jdk6.jar], JarResourceLocation [jarPath=E:\workspace\gaoseng\WebContent\WEB-INF\lib\fluent-hc-4.2.3.jar], JarResourceLocation [jarPath=D:\springsource\sts-3.1.0.RELEASE\configuration\org.eclipse.osgi\bundles\949\1\.cp\lib\jetty-6.1.26.jar], JarResourceLocation [jarPath=E:\workspace\gaoseng\WebContent\WEB-INF\lib\httpmime-4.2.3.jar], JarResourceLocation [jarPath=E:\workspace\gaoseng\WebContent\WEB-INF\lib\commons-codec-1.6.jar], JarResourceLocation [jarPath=D:\springsource\sts-3.1.0.RELEASE\configuration\org.eclipse.osgi\bundles\949\1\.cp\lib\servlet-api-2.5-20081211.jar], JarResourceLocation [jarPath=D:\springsource\sts-3.1.0.RELEASE\configuration\org.eclipse.osgi\bundles\949\1\.cp\lib\jetty-management-6.1.26.jar], JarResourceLocation [jarPath=D:\springsource\sts-3.1.0.RELEASE\configuration\org.eclipse.osgi\bundles\949\1\.cp\lib\run-jetty-run-bootstrap.jar], JarResourceLocation [jarPath=D:\springsource\sts-3.1.0.RELEASE\configuration\org.eclipse.osgi\bundles\949\1\.cp\lib\jetty-util-6.1.26.jar], JarResourceLocation [jarPath=E:\workspace\gaoseng\WebContent\WEB-INF\lib\httpcore-4.2.3.jar], JarResourceLocation [jarPath=E:\workspace\gaoseng\WebContent\WEB-INF\lib\httpclient-4.2.3.jar], ErrorResourceLocation [loc=E:\workspace\gaoseng\WebContent\WEB-INF\classes], JarResourceLocation [jarPath=E:\workspace\gaoseng\WebContent\WEB-INF\lib\druid-0.2.11.jar], JarResourceLocation [jarPath=E:\workspace\gaoseng\WebContent\WEB-INF\lib\nutz-1.b.47-jdk6.jar], JarResourceLocation [jarPath=E:\workspace\gaoseng\WebContent\WEB-INF\lib\log4j-1.2.17.jar], JarResourceLocation [jarPath=E:\workspace\gaoseng\WebContent\WEB-INF\lib\mysql-connector-java-5.1.23-bin.jar], JarResourceLocation [jarPath=D:\springsource\sts-3.1.0.RELEASE\configuration\org.eclipse.osgi\bundles\949\1\.cp\lib\jsp-api-2.1.jar], JarResourceLocation [jarPath=D:\springsource\sts-3.1.0.RELEASE\configuration\org.eclipse.osgi\bundles\949\1\.cp\lib\core-3.1.1.jar], FileSystemResourceLocation [root=E:\workspace\gaoseng\.], JarResourceLocation [jarPath=E:\workspace\gaoseng\WebContent\WEB-INF\lib\commons-logging-1.1.1.jar], FileSystemResourceLocation [root=E:\workspace\gaoseng\build\classes]]
2013-02-18 15:14:14,455 [main] INFO  org.nutz.log.Logs - Nutz is licensed under the Apache License, Version 2.0 .
Report bugs : https://github.com/nutzam/nutz/issues
2013-02-18 15:14:14,715 [main] DEBUG org.nutz.resource.Scans - Locations for Scans:
[JarResourceLocation [jarPath=D:\springsource\sts-3.1.0.RELEASE\configuration\org.eclipse.osgi\bundles\949\1\.cp\lib\jsp-2.1.jar], JarResourceLocation [jarPath=D:\springsource\sts-3.1.0.RELEASE\configuration\org.eclipse.osgi\bundles\949\1\.cp\lib\jetty-util-6.1.26.jar], JarResourceLocation [jarPath=file:/E:/workspace/gaoseng/WebContent/WEB-INF/lib/nutz-1.b.47-jdk6.jar], JarResourceLocation [jarPath=D:\springsource\sts-3.1.0.RELEASE\configuration\org.eclipse.osgi\bundles\949\1\.cp\lib\jetty-6.1.26.jar], JarResourceLocation [jarPath=D:\springsource\sts-3.1.0.RELEASE\configuration\org.eclipse.osgi\bundles\949\1\.cp\lib\servlet-api-2.5-20081211.jar], JarResourceLocation [jarPath=D:\springsource\sts-3.1.0.RELEASE\configuration\org.eclipse.osgi\bundles\949\1\.cp\lib\jsp-api-2.1.jar], JarResourceLocation [jarPath=D:\springsource\sts-3.1.0.RELEASE\configuration\org.eclipse.osgi\bundles\949\1\.cp\lib\core-3.1.1.jar], FileSystemResourceLocation [root=E:\workspace\gaoseng\.], JarResourceLocation [jarPath=D:\springsource\sts-3.1.0.RELEASE\configuration\org.eclipse.osgi\bundles\949\1\.cp\lib\jetty-management-6.1.26.jar], JarResourceLocation [jarPath=D:\springsource\sts-3.1.0.RELEASE\configuration\org.eclipse.osgi\bundles\949\1\.cp\lib\run-jetty-run-bootstrap.jar], FileSystemResourceLocation [root=E:\workspace\gaoseng\build\classes]]
2013-02-18 15:14:14,716 [main] INFO  org.nutz.resource.impl.ErrorResourceLocation - ErrorResourceLocation [loc=E:\workspace\gaoseng\WebContent\WEB-INF\classes], maybe it is in your classpath, but not exist
2013-02-18 15:14:14,922 [main] DEBUG org.nutz.resource.Scans - Locations for Scans:
[JarResourceLocation [jarPath=E:\workspace\gaoseng\WebContent\WEB-INF\lib\dom4j-1.6.1.jar], JarResourceLocation [jarPath=E:\workspace\gaoseng\WebContent\WEB-INF\lib\httpclient-cache-4.2.3.jar], JarResourceLocation [jarPath=E:\workspace\gaoseng\WebContent\WEB-INF\lib\fastjson-1.1.27.jar], JarResourceLocation [jarPath=D:\springsource\sts-3.1.0.RELEASE\configuration\org.eclipse.osgi\bundles\949\1\.cp\lib\jsp-2.1.jar], JarResourceLocation [jarPath=file:/E:/workspace/gaoseng/WebContent/WEB-INF/lib/nutz-1.b.47-jdk6.jar], JarResourceLocation [jarPath=E:\workspace\gaoseng\WebContent\WEB-INF\lib\fluent-hc-4.2.3.jar], JarResourceLocation [jarPath=D:\springsource\sts-3.1.0.RELEASE\configuration\org.eclipse.osgi\bundles\949\1\.cp\lib\jetty-6.1.26.jar], JarResourceLocation [jarPath=E:\workspace\gaoseng\WebContent\WEB-INF\lib\httpmime-4.2.3.jar], JarResourceLocation [jarPath=E:\workspace\gaoseng\WebContent\WEB-INF\lib\commons-codec-1.6.jar], JarResourceLocation [jarPath=D:\springsource\sts-3.1.0.RELEASE\configuration\org.eclipse.osgi\bundles\949\1\.cp\lib\servlet-api-2.5-20081211.jar], JarResourceLocation [jarPath=D:\springsource\sts-3.1.0.RELEASE\configuration\org.eclipse.osgi\bundles\949\1\.cp\lib\jetty-management-6.1.26.jar], JarResourceLocation [jarPath=D:\springsource\sts-3.1.0.RELEASE\configuration\org.eclipse.osgi\bundles\949\1\.cp\lib\run-jetty-run-bootstrap.jar], JarResourceLocation [jarPath=D:\springsource\sts-3.1.0.RELEASE\configuration\org.eclipse.osgi\bundles\949\1\.cp\lib\jetty-util-6.1.26.jar], JarResourceLocation [jarPath=E:\workspace\gaoseng\WebContent\WEB-INF\lib\httpcore-4.2.3.jar], JarResourceLocation [jarPath=E:\workspace\gaoseng\WebContent\WEB-INF\lib\httpclient-4.2.3.jar], ErrorResourceLocation [loc=E:\workspace\gaoseng\WebContent\WEB-INF\classes], JarResourceLocation [jarPath=E:\workspace\gaoseng\WebContent\WEB-INF\lib\druid-0.2.11.jar], JarResourceLocation [jarPath=E:\workspace\gaoseng\WebContent\WEB-INF\lib\nutz-1.b.47-jdk6.jar], JarResourceLocation [jarPath=E:\workspace\gaoseng\WebContent\WEB-INF\lib\log4j-1.2.17.jar], JarResourceLocation [jarPath=E:\workspace\gaoseng\WebContent\WEB-INF\lib\mysql-connector-java-5.1.23-bin.jar], JarResourceLocation [jarPath=D:\springsource\sts-3.1.0.RELEASE\configuration\org.eclipse.osgi\bundles\949\1\.cp\lib\jsp-api-2.1.jar], JarResourceLocation [jarPath=D:\springsource\sts-3.1.0.RELEASE\configuration\org.eclipse.osgi\bundles\949\1\.cp\lib\core-3.1.1.jar], FileSystemResourceLocation [root=E:\workspace\gaoseng\.], JarResourceLocation [jarPath=E:\workspace\gaoseng\WebContent\WEB-INF\lib\commons-logging-1.1.1.jar], FileSystemResourceLocation [root=E:\workspace\gaoseng\build\classes]]
2013-02-18 15:14:14,928 [main] DEBUG org.nutz.mvc.config.AbstractNutConfig - MainModule: <cn.gaoseng.MainModule>
2013-02-18 15:14:14,960 [main] DEBUG org.nutz.mvc.config.AbstractNutConfig - Loading by class org.nutz.mvc.impl.NutLoading
2013-02-18 15:14:14,962 [main] INFO  org.nutz.mvc.impl.NutLoading - Nutz Version : 1.b.47 
2013-02-18 15:14:14,962 [main] INFO  org.nutz.mvc.impl.NutLoading - Nutz.Mvc[nutz] is initializing ...
2013-02-18 15:14:14,962 [main] DEBUG org.nutz.mvc.impl.NutLoading - Web Container Information:
2013-02-18 15:14:14,963 [main] DEBUG org.nutz.mvc.impl.NutLoading -  - Default Charset : UTF-8
2013-02-18 15:14:14,963 [main] DEBUG org.nutz.mvc.impl.NutLoading -  - Current . path  : E:\workspace\gaoseng\.
2013-02-18 15:14:14,963 [main] DEBUG org.nutz.mvc.impl.NutLoading -  - Java Version    : 1.7.0_13
2013-02-18 15:14:14,963 [main] DEBUG org.nutz.mvc.impl.NutLoading -  - File separator  : \
2013-02-18 15:14:14,963 [main] DEBUG org.nutz.mvc.impl.NutLoading -  - Timezone        : Asia/Shanghai
2013-02-18 15:14:14,964 [main] DEBUG org.nutz.mvc.config.AbstractNutConfig - MainModule: <cn.gaoseng.MainModule>
2013-02-18 15:14:14,965 [main] DEBUG org.nutz.mvc.impl.NutLoading - >> app.root = E:/workspace/gaoseng/WebContent
2013-02-18 15:14:14,967 [main] DEBUG org.nutz.mvc.impl.NutLoading - @IocBy(org.nutz.mvc.ioc.provider.ComboIocProvider)
2013-02-18 15:14:14,992 [main] DEBUG org.nutz.resource.Scans - Found 3 resource by src( ioc/ ) , regex( ^(.+[.])(js|json)$ )
2013-02-18 15:14:15,004 [main] DEBUG org.nutz.ioc.loader.json.JsonLoader - Loaded 11 bean define from path=[ioc/] --> [txREPEATABLE_READ, dataSource, txREAD_COMMITTED, txNONE, dao, json, txSERIALIZABLE, $aop, txREAD_UNCOMMITTED, log, upload]
2013-02-18 15:14:15,011 [main] DEBUG org.nutz.resource.Scans - Found 9 resource by src( cn/gaoseng/ ) , regex( ^.+[.]class$ )
2013-02-18 15:14:15,029 [main] DEBUG org.nutz.ioc.loader.annotation.AnnotationIocLoader - Found a Class with Ioc-Annotation : class cn.gaoseng.module.TypeModule
2013-02-18 15:14:15,036 [main] DEBUG org.nutz.ioc.loader.annotation.AnnotationIocLoader - Found a Class with Ioc-Annotation : class cn.gaoseng.module.WechatModule
2013-02-18 15:14:15,099 [main] DEBUG org.nutz.castor.Castors - Using 80 castor for Castors
2013-02-18 15:14:15,101 [main] INFO  org.nutz.ioc.loader.annotation.AnnotationIocLoader - Scan complete ! Found 2 classes in 1 base-packages!
beans = ["typeModule", "wechatModule"]
2013-02-18 15:14:15,107 [main] DEBUG org.nutz.mvc.config.AbstractNutConfig - MainModule: <cn.gaoseng.MainModule>
2013-02-18 15:14:15,108 [main] INFO  org.nutz.mvc.impl.NutLoading - Build URL mapping by org.nutz.mvc.impl.UrlMappingImpl ...
2013-02-18 15:14:15,110 [main] DEBUG org.nutz.mvc.impl.NutLoading - @Views(DefaultViewMaker)
2013-02-18 15:14:15,194 [main] DEBUG org.nutz.mvc.impl.NutLoading - @ChainBy(org.nutz.mvc.impl.NutActionChainMaker)
2013-02-18 15:14:15,199 [main] DEBUG org.nutz.mvc.impl.Loadings - module class location 'file:/E:/workspace/gaoseng/build/classes/'
2013-02-18 15:14:15,199 [main] DEBUG org.nutz.mvc.impl.Loadings -  > scan 'cn.gaoseng'
2013-02-18 15:14:15,202 [main] DEBUG org.nutz.resource.Scans - Found 9 resource by src( cn/gaoseng/ ) , regex( ^.+[.]class$ )
2013-02-18 15:14:15,208 [main] DEBUG org.nutz.mvc.impl.Loadings -    >> add 'cn.gaoseng.module.TypeModule'
2013-02-18 15:14:15,209 [main] DEBUG org.nutz.mvc.impl.Loadings -    >> add 'cn.gaoseng.module.WechatModule'
2013-02-18 15:14:15,224 [main] DEBUG org.nutz.ioc.impl.NutIoc - Get 'json'<interface org.nutz.mvc.View>
2013-02-18 15:14:15,224 [main] DEBUG org.nutz.ioc.impl.NutIoc - 	 >> Load definition
2013-02-18 15:14:15,225 [main] DEBUG org.nutz.ioc.loader.map.MapLoader - Loading define for name=json
2013-02-18 15:14:15,227 [main] DEBUG org.nutz.ioc.loader.combo.ComboIocLoader - Found IocObject(json) in IocLoader(JsonLoader@1631672408)
2013-02-18 15:14:15,227 [main] DEBUG org.nutz.ioc.impl.NutIoc - 	 >> Make...'json'<interface org.nutz.mvc.View>
2013-02-18 15:14:15,231 [main] DEBUG org.nutz.ioc.impl.NutIoc - Get '$aop'<interface org.nutz.ioc.aop.config.AopConfigration>
2013-02-18 15:14:15,231 [main] DEBUG org.nutz.ioc.impl.NutIoc - 	 >> Load definition
2013-02-18 15:14:15,231 [main] DEBUG org.nutz.ioc.loader.map.MapLoader - Loading define for name=$aop
2013-02-18 15:14:15,233 [main] DEBUG org.nutz.ioc.loader.combo.ComboIocLoader - Found IocObject($aop) in IocLoader(JsonLoader@1631672408)
2013-02-18 15:14:15,233 [main] DEBUG org.nutz.ioc.impl.NutIoc - 	 >> Make...'$aop'<interface org.nutz.ioc.aop.config.AopConfigration>
2013-02-18 15:14:15,233 [main] DEBUG org.nutz.ioc.impl.ScopeContext - Save object '$aop' to [app] 
2013-02-18 15:14:15,247 [main] DEBUG org.nutz.ioc.aop.impl.DefaultMirrorFactory - class org.nutz.mvc.view.UTF8JsonView , no config to enable AOP.
2013-02-18 15:14:15,247 [main] DEBUG org.nutz.ioc.impl.ScopeContext - Save object 'json' to [app] 
2013-02-18 15:14:15,248 [main] DEBUG org.nutz.ioc.aop.impl.DefaultMirrorFactory - class org.nutz.json.JsonFormat , no config to enable AOP.
2013-02-18 15:14:15,250 [main] DEBUG org.nutz.ioc.aop.impl.DefaultMirrorFactory - class org.nutz.json.JsonFormat , no config to enable AOP.
2013-02-18 15:14:15,252 [main] DEBUG org.nutz.mvc.impl.UrlMappingImpl -    '/Type/add'                 >> TypeModule.add(...)            : boolean    | @Ok(ioc:json) @Fail(json ) | by 0 Filters | (I:UTF-8/O:UTF-8)
2013-02-18 15:14:15,253 [main] DEBUG org.nutz.ioc.impl.NutIoc - Get 'json'<interface org.nutz.mvc.View>
2013-02-18 15:14:15,253 [main] DEBUG org.nutz.mvc.impl.UrlMappingImpl -    '/Type/list'                >> TypeModule.list(...)           : Object     | @Ok(ioc:json) @Fail(json ) | by 0 Filters | (I:UTF-8/O:UTF-8)
2013-02-18 15:14:15,254 [main] DEBUG org.nutz.ioc.impl.NutIoc - Get 'json'<interface org.nutz.mvc.View>
2013-02-18 15:14:15,254 [main] DEBUG org.nutz.mvc.impl.UrlMappingImpl -    '/Type/delete'              >> TypeModule.delete(...)         : boolean    | @Ok(ioc:json) @Fail(json ) | by 0 Filters | (I:UTF-8/O:UTF-8)
2013-02-18 15:14:15,255 [main] DEBUG org.nutz.ioc.impl.NutIoc - Get 'json'<interface org.nutz.mvc.View>
2013-02-18 15:14:15,256 [main] DEBUG org.nutz.mvc.impl.UrlMappingImpl -    '/Type/update'              >> TypeModule.update(...)         : boolean    | @Ok(ioc:json) @Fail(json ) | by 0 Filters | (I:UTF-8/O:UTF-8)
2013-02-18 15:14:15,257 [main] DEBUG org.nutz.mvc.impl.UrlMappingImpl -    '/wechat/gaoseng'           >> WechatModule.responseMsg(...)  : void       | @Ok(raw  ) @Fail(json ) | by 0 Filters | (I:UTF-8/O:UTF-8)
2013-02-18 15:14:15,262 [main] WARN  org.nutz.mvc.impl.processor.ViewProcessor - Not a good idea : Return String ,and using JsonView!! (Using @Ok("raw") or return map/list/pojo)--> WechatModule.checkSignature(...)
2013-02-18 15:14:15,263 [main] DEBUG org.nutz.mvc.impl.UrlMappingImpl -    '/wechat/gaoseng'           >> WechatModule.checkSignature(...) : String     | @Ok(raw  ) @Fail(json ) | by 0 Filters | (I:UTF-8/O:UTF-8)
2013-02-18 15:14:15,263 [main] DEBUG org.nutz.mvc.impl.NutLoading - Localization: org.nutz.mvc.impl.NutMessageLoader('msg')  dft<>
2013-02-18 15:14:15,265 [main] DEBUG org.nutz.resource.Scans - Found 2 resource by src( msg ) , regex( ^.+[.]properties$ )
2013-02-18 15:14:15,265 [main] DEBUG org.nutz.mvc.impl.NutMessageLoader - Load Messages in 2 resource : [[NutResource[blog.properties], NutResource[en_US/blog.properties]]]
2013-02-18 15:14:15,267 [main] DEBUG org.nutz.mvc.impl.NutMessageLoader - Message Loaded, size = 2
2013-02-18 15:14:15,268 [main] INFO  org.nutz.mvc.impl.NutLoading - Nutz.Mvc[nutz] is up in 303ms
